  Building Custom Rule C:/Users/zlffj/Desktop/HW3/새 폴더/새 폴더/src/CMakeLists.txt
  Base64.cpp
  BinFileInputStream.cpp
  BinInputStream.cpp
  BinMemInputStream.cpp
  BitSet.cpp
  DefaultPanicHandler.cpp
  EncodingValidator.cpp
  HeaderDummy.cpp
  HexBin.cpp
  JanitorExports.cpp
  KVStringPair.cpp
  Mutexes.cpp
  PanicHandler.cpp
  PlatformUtils.cpp
  PSVIUni.cpp
  QName.cpp
  ASCIIRangeFactory.cpp
  BlockRangeFactory.cpp
  BMPattern.cpp
  CharToken.cpp
  코드를 생성하고 있습니다...
  컴파일하고 있습니다...
  ClosureToken.cpp
  ConcatToken.cpp
  Match.cpp
  Op.cpp
  OpFactory.cpp
  ParenToken.cpp
  ParserForXMLSchema.cpp
  RangeFactory.cpp
  RangeToken.cpp
  RangeTokenMap.cpp
  RegularExpression.cpp
  RegxParser.cpp
  RegxUtil.cpp
  StringToken.cpp
  Token.cpp
  TokenFactory.cpp
  UnicodeRangeFactory.cpp
  UnionToken.cpp
  XMLRangeFactory.cpp
  XMLUniCharacter.cpp
  코드를 생성하고 있습니다...
  컴파일하고 있습니다...
  StringPool.cpp
  SynchronizedStringPool.cpp
  TransService.cpp
  XMemory.cpp
  XML256TableTranscoder.cpp
  XML88591Transcoder.cpp
  XMLAbstractDoubleFloat.cpp
  XMLASCIITranscoder.cpp
  XMLBigDecimal.cpp
  XMLBigInteger.cpp
  XMLChar.cpp
  XMLChTranscoder.cpp
  XMLDateTime.cpp
  XMLDouble.cpp
C:\Users\zlffj\Desktop\HW3\새 폴더\새 폴더\src\xercesc\util\XMLDateTime.cpp(477,28): warning C4244: '초기화 중': 'time_t'에서 'unsigned long'(으)로 변환하면서 데이터가 손실될 수 있습니다.
C:\Users\zlffj\Desktop\HW3\새 폴더\새 폴더\src\xercesc\util\XMLDateTime.cpp(479,29): warning C4244: '초기화 중': 'time_t'에서 'unsigned long'(으)로 변환하면서 데이터가 손실될 수 있습니다.
C:\Users\zlffj\Desktop\HW3\새 폴더\새 폴더\src\xercesc\util\XMLDateTime.cpp(481,31): warning C4244: '초기화 중': 'time_t'에서 'unsigned long'(으)로 변환하면서 데이터가 손실될 수 있습니다.
C:\Users\zlffj\Desktop\HW3\새 폴더\새 폴더\src\xercesc\util\XMLDateTime.cpp(483,31): warning C4244: '초기화 중': 'time_t'에서 'unsigned long'(으)로 변환하면서 데이터가 손실될 수 있습니다.
C:\Users\zlffj\Desktop\HW3\새 폴더\새 폴더\src\xercesc\util\XMLDateTime.cpp(492,9): warning C4996: 'sprintf': This function or variable may be unsafe. Consider using sprintf_s instead. To disable deprecation, use _CRT_SECURE_NO_WARNINGS. See online help for details.
C:\Users\zlffj\Desktop\HW3\새 폴더\새 폴더\src\xercesc\util\XMLDateTime.cpp(500,26): warning C4996: 'gmtime': This function or variable may be unsafe. Consider using gmtime_s instead. To disable deprecation, use _CRT_SECURE_NO_WARNINGS. See online help for details.
C:\Users\zlffj\Desktop\HW3\새 폴더\새 폴더\src\xercesc\util\XMLDateTime.cpp(564,29): warning C4244: '+=': 'double'에서 'time_t'(으)로 변환하면서 데이터가 손실될 수 있습니다.
C:\Users\zlffj\Desktop\HW3\새 폴더\새 폴더\src\xercesc\util\XMLDateTime.cpp(580,29): warning C4996: '__timezone': This function or variable may be unsafe. Consider using _get_timezone instead. To disable deprecation, use _CRT_SECURE_NO_WARNINGS. See online help for details.
  XMLEBCDICTranscoder.cpp
  XMLException.cpp
  XMLFloat.cpp
  XMLIBM1047Transcoder.cpp
  XMLIBM1140Transcoder.cpp
  XMLInitializer.cpp
  코드를 생성하고 있습니다...
  컴파일하고 있습니다...
  XMLMsgLoader.cpp
  XMLNumber.cpp
  XMLString.cpp
C:\Users\zlffj\Desktop\HW3\새 폴더\새 폴더\src\xercesc\util\XMLString.cpp(321,5): warning C4996: 'strcat': This function or variable may be unsafe. Consider using strcat_s instead. To disable deprecation, use _CRT_SECURE_NO_WARNINGS. See online help for details.
C:\Users\zlffj\Desktop\HW3\새 폴더\새 폴더\src\xercesc\util\XMLString.cpp(327,12): warning C4996: 'stricmp': The POSIX name for this item is deprecated. Instead, use the ISO C and C++ conformant name: _stricmp. See online help for details.
C:\Users\zlffj\Desktop\HW3\새 폴더\새 폴더\src\xercesc\util\XMLString.cpp(350,12): warning C4996: 'strnicmp': The POSIX name for this item is deprecated. Instead, use the ISO C and C++ conformant name: _strnicmp. See online help for details.
C:\Users\zlffj\Desktop\HW3\새 폴더\새 폴더\src\xercesc\util\XMLString.cpp(364,5): warning C4996: 'strcpy': This function or variable may be unsafe. Consider using strcpy_s instead. To disable deprecation, use _CRT_SECURE_NO_WARNINGS. See online help for details.
C:\Users\zlffj\Desktop\HW3\새 폴더\새 폴더\src\xercesc\util\XMLString.cpp(594,13): warning C4996: 'strnicmp': The POSIX name for this item is deprecated. Instead, use the ISO C and C++ conformant name: _strnicmp. See online help for details.
  XMLStringTokenizer.cpp
  XMLUCS4Transcoder.cpp
  XMLUni.cpp
  XMLUri.cpp
  XMLURL.cpp
  XMLUTF16Transcoder.cpp
  XMLUTF8Transcoder.cpp
  XMLWin1252Transcoder.cpp
  DOMException.cpp
  DOMLSException.cpp
  DOMRangeException.cpp
  DOMXPathException.cpp
  DOMAttrImpl.cpp
  DOMAttrMapImpl.cpp
  DOMAttrNSImpl.cpp
  DOMCDATASectionImpl.cpp
  DOMCharacterDataImpl.cpp
  코드를 생성하고 있습니다...
  컴파일하고 있습니다...
  DOMChildNode.cpp
  DOMCommentImpl.cpp
  DOMConfigurationImpl.cpp
  DOMDeepNodeListImpl.cpp
  DOMDocumentFragmentImpl.cpp
  DOMDocumentImpl.cpp
  DOMDocumentTypeImpl.cpp
  DOMElementImpl.cpp
  DOMElementNSImpl.cpp
  DOMEntityImpl.cpp
  DOMEntityReferenceImpl.cpp
  DOMErrorImpl.cpp
  DOMImplementationImpl.cpp
  DOMImplementationListImpl.cpp
  DOMImplementationRegistry.cpp
  DOMLocatorImpl.cpp
  DOMNamedNodeMapImpl.cpp
  DOMNodeIDMap.cpp
  DOMNodeImpl.cpp
  DOMNodeIteratorImpl.cpp
  코드를 생성하고 있습니다...
  컴파일하고 있습니다...
  DOMNodeListImpl.cpp
  DOMNodeVector.cpp
  DOMNormalizer.cpp
  DOMNotationImpl.cpp
  DOMParentNode.cpp
  DOMProcessingInstructionImpl.cpp
  DOMRangeImpl.cpp
  DOMStringListImpl.cpp
  DOMStringPool.cpp
  DOMTextImpl.cpp
  DOMTreeWalkerImpl.cpp
  DOMTypeInfoImpl.cpp
  DOMLSSerializerImpl.cpp
  DOMLSInputImpl.cpp
  DOMLSOutputImpl.cpp
  DOMXPathExpressionImpl.cpp
  DOMXPathNSResolverImpl.cpp
  DOMXPathResultImpl.cpp
  XSDElementNSImpl.cpp
  BinOutputStream.cpp
  코드를 생성하고 있습니다...
  컴파일하고 있습니다...
  LocalFileFormatTarget.cpp
  LocalFileInputSource.cpp
  MemBufFormatTarget.cpp
  MemBufInputSource.cpp
  PSVIAttribute.cpp
  PSVIAttributeList.cpp
  PSVIElement.cpp
  PSVIItem.cpp
  XSAnnotation.cpp
  XSAttributeDeclaration.cpp
  XSAttributeGroupDefinition.cpp
  XSAttributeUse.cpp
  XSComplexTypeDefinition.cpp
  XSElementDeclaration.cpp
  XSFacet.cpp
  XSIDCDefinition.cpp
  XSModel.cpp
  XSModelGroup.cpp
  XSModelGroupDefinition.cpp
  XSMultiValueFacet.cpp
  코드를 생성하고 있습니다...
  컴파일하고 있습니다...
  XSNamespaceItem.cpp
  XSNotationDeclaration.cpp
  XSObject.cpp
  XSParticle.cpp
  XSSimpleTypeDefinition.cpp
  XSTypeDefinition.cpp
  XSValue.cpp
  XSWildcard.cpp
  StdInInputSource.cpp
  StdOutFormatTarget.cpp
  URLInputSource.cpp
  Wrapper4DOMLSInput.cpp
  Wrapper4InputSource.cpp
  XMLAttDef.cpp
  XMLAttDefList.cpp
  XMLAttr.cpp
  XMLBuffer.cpp
  XMLBufferMgr.cpp
  XMLContentModel.cpp
  XMLDTDDescription.cpp
  코드를 생성하고 있습니다...
  컴파일하고 있습니다...
  XMLElementDecl.cpp
  XMLEntityDecl.cpp
  XMLFormatter.cpp
  XMLGrammarDescription.cpp
  XMLGrammarPoolImpl.cpp
  XMLNotationDecl.cpp
  XMLRecognizer.cpp
  XMLRefInfo.cpp
  XMLSchemaDescription.cpp
  XMLValidator.cpp
  BinFileOutputStream.cpp
  BinMemOutputStream.cpp
  DGXMLScanner.cpp
  ElemStack.cpp
  IGXMLScanner.cpp
  IGXMLScanner2.cpp
  MemoryManagerImpl.cpp
  ReaderMgr.cpp
  SGXMLScanner.cpp
  ValidationContextImpl.cpp
  코드를 생성하고 있습니다...
  컴파일하고 있습니다...
  VecAttributesImpl.cpp
  VecAttrListImpl.cpp
  WFXMLScanner.cpp
  XMLReader.cpp
  XMLScanner.cpp
C:\Users\zlffj\Desktop\HW3\새 폴더\새 폴더\src\xercesc\internal\XMLScanner.cpp(1279,36): warning C4996: 'getenv': This function or variable may be unsafe. Consider using _dupenv_s instead. To disable deprecation, use _CRT_SECURE_NO_WARNINGS. See online help for details.
  XMLScannerResolver.cpp
  XProtoType.cpp
  XSAXMLScanner.cpp
  XSerializeEngine.cpp
  XSObjectFactory.cpp
  XTemplateSerializer.cpp
  AbstractDOMParser.cpp
  DOMLSParserImpl.cpp
  SAX2XMLFilterImpl.cpp
  SAX2XMLReaderImpl.cpp
  SAXParser.cpp
  XercesDOMParser.cpp
  Dummy.cpp
  InputSource.cpp
  SAXException.cpp
  코드를 생성하고 있습니다...
  컴파일하고 있습니다...
  SAXParseException.cpp
  sax2Dummy.cpp
  AllContentModel.cpp
  CMAny.cpp
  CMBinaryOp.cpp
  CMUnaryOp.cpp
  ContentLeafNameTypeVector.cpp
  ContentSpecNode.cpp
  DFAContentModel.cpp
C:\Users\zlffj\Desktop\HW3\새 폴더\새 폴더\src\xercesc\validators\common\DFAContentModel.cpp(1752,31): warning C4018: '<': signed 또는 unsigned가 일치하지 않습니다.
  Grammar.cpp
  GrammarResolver.cpp
  MixedContentModel.cpp
  SimpleContentModel.cpp
  AbstractNumericFacetValidator.cpp
  AbstractNumericValidator.cpp
  AbstractStringValidator.cpp
  AnySimpleTypeDatatypeValidator.cpp
  AnyURIDatatypeValidator.cpp
C:\Users\zlffj\Desktop\HW3\새 폴더\새 폴더\src\xercesc\validators\datatype\AnyURIDatatypeValidator.cpp(141,13): warning C4996: 'sprintf': This function or variable may be unsafe. Consider using sprintf_s instead. To disable deprecation, use _CRT_SECURE_NO_WARNINGS. See online help for details.
C:\Users\zlffj\Desktop\HW3\새 폴더\새 폴더\src\xercesc\validators\datatype\AnyURIDatatypeValidator.cpp(170,17): warning C4996: 'sprintf': This function or variable may be unsafe. Consider using sprintf_s instead. To disable deprecation, use _CRT_SECURE_NO_WARNINGS. See online help for details.
  Base64BinaryDatatypeValidator.cpp
  BooleanDatatypeValidator.cpp
  코드를 생성하고 있습니다...
  컴파일하고 있습니다...
  DatatypeValidator.cpp
  DatatypeValidatorFactory.cpp
  DateDatatypeValidator.cpp
  DateTimeDatatypeValidator.cpp
  DateTimeValidator.cpp
  DayDatatypeValidator.cpp
  DecimalDatatypeValidator.cpp
  DoubleDatatypeValidator.cpp
  DurationDatatypeValidator.cpp
  ENTITYDatatypeValidator.cpp
  FloatDatatypeValidator.cpp
  HexBinaryDatatypeValidator.cpp
  IDDatatypeValidator.cpp
  IDREFDatatypeValidator.cpp
  ListDatatypeValidator.cpp
  MonthDatatypeValidator.cpp
  MonthDayDatatypeValidator.cpp
  NameDatatypeValidator.cpp
  NCNameDatatypeValidator.cpp
  NOTATIONDatatypeValidator.cpp
  코드를 생성하고 있습니다...
  컴파일하고 있습니다...
  QNameDatatypeValidator.cpp
  StringDatatypeValidator.cpp
  TimeDatatypeValidator.cpp
  UnionDatatypeValidator.cpp
  XMLCanRepGroup.cpp
  YearDatatypeValidator.cpp
  YearMonthDatatypeValidator.cpp
  DTDAttDef.cpp
  DTDAttDefList.cpp
  DTDElementDecl.cpp
  DTDEntityDecl.cpp
  DTDGrammar.cpp
  DTDScanner.cpp
  DTDValidator.cpp
  XMLDTDDescriptionImpl.cpp
  ComplexTypeInfo.cpp
  GeneralAttributeCheck.cpp
  FieldActivator.cpp
  FieldValueMap.cpp
  IC_Field.cpp
  코드를 생성하고 있습니다...
  컴파일하고 있습니다...
  IC_Key.cpp
  IC_KeyRef.cpp
  IC_Selector.cpp
  IC_Unique.cpp
  IdentityConstraint.cpp
  IdentityConstraintHandler.cpp
  ValueStore.cpp
  ValueStoreCache.cpp
  XercesXPath.cpp
  XPathMatcher.cpp
  XPathMatcherStack.cpp
  XPathSymbols.cpp
  NamespaceScope.cpp
  SchemaAttDef.cpp
  SchemaAttDefList.cpp
  SchemaElementDecl.cpp
  SchemaGrammar.cpp
  SchemaInfo.cpp
  SchemaSymbols.cpp
  SchemaValidator.cpp
  코드를 생성하고 있습니다...
  컴파일하고 있습니다...
  SubstitutionGroupComparator.cpp
  TraverseSchema.cpp
  XercesAttGroupInfo.cpp
  XercesElementWildcard.cpp
  XercesGroupInfo.cpp
  XMLSchemaDescriptionImpl.cpp
  XSDDOMParser.cpp
  XSDErrorReporter.cpp
  XSDLocator.cpp
  XUtil.cpp
  XIncludeDOMDocumentProcessor.cpp
  XIncludeLocation.cpp
  XIncludeUtils.cpp
  WinSockNetAccessor.cpp
  BinHTTPURLInputStream.cpp
  BinHTTPInputStreamCommon.cpp
  Win32TransService.cpp
C:\Users\zlffj\Desktop\HW3\새 폴더\새 폴더\src\xercesc\util\Transcoders\Win32\Win32TransService.cpp(138,5): warning C4996: '_wcsupr': This function or variable may be unsafe. Consider using _wcsupr_s instead. To disable deprecation, use _CRT_SECURE_NO_WARNINGS. See online help for details.
C:\Users\zlffj\Desktop\HW3\새 폴더\새 폴더\src\xercesc\util\Transcoders\Win32\Win32TransService.cpp(153,5): warning C4996: '_wcslwr': This function or variable may be unsafe. Consider using _wcslwr_s instead. To disable deprecation, use _CRT_SECURE_NO_WARNINGS. See online help for details.
C:\Users\zlffj\Desktop\HW3\새 폴더\새 폴더\src\xercesc\util\Transcoders\Win32\Win32TransService.cpp(322,7): warning C4996: 'GetVersionExA': deprecated로 선언되었습니다.
  InMemMsgLoader.cpp
  StdMutexMgr.cpp
  WindowsFileMgr.cpp
C:\Users\zlffj\Desktop\HW3\새 폴더\새 폴더\src\xercesc\util\FileManagers\WindowsFileMgr.cpp(46,7): warning C4996: 'GetVersionExA': deprecated로 선언되었습니다.
  코드를 생성하고 있습니다...
     C:/Users/zlffj/Desktop/HW3/새 폴더/새 폴더/build/src/Debug/xerces-c_3D.lib 라이브러리 및 C:/Users/zlffj/Desktop/HW3/새 폴더/새 폴더/build/src/Debug/xerces-c_3D.exp 개체를 생성하고 있습니다.
  xerces-c.vcxproj -> C:\Users\zlffj\Desktop\HW3\새 폴더\새 폴더\build\src\Debug\xerces-c_3_3D.dll
