  Building Custom Rule C:/Users/zlffj/Desktop/HW3/새 폴더/새 폴더/samples/CMakeLists.txt
  PSVIWriter.cpp
C:\Users\zlffj\Desktop\HW3\새 폴더\새 폴더\samples\src\PSVIWriter\PSVIWriter.cpp(263,6): warning C4996: 'strcpy': This function or variable may be unsafe. Consider using strcpy_s instead. To disable deprecation, use _CRT_SECURE_NO_WARNINGS. See online help for details.
C:\Users\zlffj\Desktop\HW3\새 폴더\새 폴더\samples\src\PSVIWriter\PSVIWriter.cpp(265,7): warning C4996: 'strcat': This function or variable may be unsafe. Consider using strcat_s instead. To disable deprecation, use _CRT_SECURE_NO_WARNINGS. See online help for details.
C:\Users\zlffj\Desktop\HW3\새 폴더\새 폴더\samples\src\PSVIWriter\PSVIWriter.cpp(268,29): warning C4996: 'strcat': This function or variable may be unsafe. Consider using strcat_s instead. To disable deprecation, use _CRT_SECURE_NO_WARNINGS. See online help for details.
  PSVIWriterHandlers.cpp
C:\Users\zlffj\Desktop\HW3\새 폴더\새 폴더\samples\src\PSVIWriter\PSVIWriterHandlers.cpp(1014,67): warning C4267: '인수': 'size_t'에서 'int'(으)로 변환하면서 데이터가 손실될 수 있습니다.
C:\Users\zlffj\Desktop\HW3\새 폴더\새 폴더\samples\src\PSVIWriter\PSVIWriterHandlers.cpp(1018,67): warning C4267: '인수': 'size_t'에서 'int'(으)로 변환하면서 데이터가 손실될 수 있습니다.
C:\Users\zlffj\Desktop\HW3\새 폴더\새 폴더\samples\src\PSVIWriter\PSVIWriterHandlers.cpp(1660,5): warning C4996: 'sprintf': This function or variable may be unsafe. Consider using sprintf_s instead. To disable deprecation, use _CRT_SECURE_NO_WARNINGS. See online help for details.
C:\Users\zlffj\Desktop\HW3\새 폴더\새 폴더\samples\src\PSVIWriter\PSVIWriterHandlers.cpp(1705,17): warning C4996: 'sprintf': This function or variable may be unsafe. Consider using sprintf_s instead. To disable deprecation, use _CRT_SECURE_NO_WARNINGS. See online help for details.
C:\Users\zlffj\Desktop\HW3\새 폴더\새 폴더\samples\src\PSVIWriter\PSVIWriterHandlers.cpp(1714,17): warning C4996: 'sprintf': This function or variable may be unsafe. Consider using sprintf_s instead. To disable deprecation, use _CRT_SECURE_NO_WARNINGS. See online help for details.
C:\Users\zlffj\Desktop\HW3\새 폴더\새 폴더\samples\src\PSVIWriter\PSVIWriterHandlers.cpp(1723,17): warning C4996: 'sprintf': This function or variable may be unsafe. Consider using sprintf_s instead. To disable deprecation, use _CRT_SECURE_NO_WARNINGS. See online help for details.
C:\Users\zlffj\Desktop\HW3\새 폴더\새 폴더\samples\src\PSVIWriter\PSVIWriterHandlers.cpp(1799,17): warning C4996: 'sprintf': This function or variable may be unsafe. Consider using sprintf_s instead. To disable deprecation, use _CRT_SECURE_NO_WARNINGS. See online help for details.
C:\Users\zlffj\Desktop\HW3\새 폴더\새 폴더\samples\src\PSVIWriter\PSVIWriterHandlers.cpp(1808,17): warning C4996: 'sprintf': This function or variable may be unsafe. Consider using sprintf_s instead. To disable deprecation, use _CRT_SECURE_NO_WARNINGS. See online help for details.
C:\Users\zlffj\Desktop\HW3\새 폴더\새 폴더\samples\src\PSVIWriter\PSVIWriterHandlers.cpp(1817,17): warning C4996: 'sprintf': This function or variable may be unsafe. Consider using sprintf_s instead. To disable deprecation, use _CRT_SECURE_NO_WARNINGS. See online help for details.
C:\Users\zlffj\Desktop\HW3\새 폴더\새 폴더\samples\src\PSVIWriter\PSVIWriterHandlers.cpp(1826,17): warning C4996: 'sprintf': This function or variable may be unsafe. Consider using sprintf_s instead. To disable deprecation, use _CRT_SECURE_NO_WARNINGS. See online help for details.
C:\Users\zlffj\Desktop\HW3\새 폴더\새 폴더\samples\src\PSVIWriter\PSVIWriterHandlers.cpp(1835,17): warning C4996: 'sprintf': This function or variable may be unsafe. Consider using sprintf_s instead. To disable deprecation, use _CRT_SECURE_NO_WARNINGS. See online help for details.
C:\Users\zlffj\Desktop\HW3\새 폴더\새 폴더\samples\src\PSVIWriter\PSVIWriterHandlers.cpp(1844,17): warning C4996: 'sprintf': This function or variable may be unsafe. Consider using sprintf_s instead. To disable deprecation, use _CRT_SECURE_NO_WARNINGS. See online help for details.
C:\Users\zlffj\Desktop\HW3\새 폴더\새 폴더\samples\src\PSVIWriter\PSVIWriterHandlers.cpp(1853,17): warning C4996: 'sprintf': This function or variable may be unsafe. Consider using sprintf_s instead. To disable deprecation, use _CRT_SECURE_NO_WARNINGS. See online help for details.
C:\Users\zlffj\Desktop\HW3\새 폴더\새 폴더\samples\src\PSVIWriter\PSVIWriterHandlers.cpp(1862,17): warning C4996: 'sprintf': This function or variable may be unsafe. Consider using sprintf_s instead. To disable deprecation, use _CRT_SECURE_NO_WARNINGS. See online help for details.
C:\Users\zlffj\Desktop\HW3\새 폴더\새 폴더\samples\src\PSVIWriter\PSVIWriterHandlers.cpp(1871,17): warning C4996: 'sprintf': This function or variable may be unsafe. Consider using sprintf_s instead. To disable deprecation, use _CRT_SECURE_NO_WARNINGS. See online help for details.
C:\Users\zlffj\Desktop\HW3\새 폴더\새 폴더\samples\src\PSVIWriter\PSVIWriterHandlers.cpp(1880,17): warning C4996: 'sprintf': This function or variable may be unsafe. Consider using sprintf_s instead. To disable deprecation, use _CRT_SECURE_NO_WARNINGS. See online help for details.
C:\Users\zlffj\Desktop\HW3\새 폴더\새 폴더\samples\src\PSVIWriter\PSVIWriterHandlers.cpp(1889,17): warning C4996: 'sprintf': This function or variable may be unsafe. Consider using sprintf_s instead. To disable deprecation, use _CRT_SECURE_NO_WARNINGS. See online help for details.
C:\Users\zlffj\Desktop\HW3\새 폴더\새 폴더\samples\src\PSVIWriter\PSVIWriterHandlers.cpp(1898,17): warning C4996: 'sprintf': This function or variable may be unsafe. Consider using sprintf_s instead. To disable deprecation, use _CRT_SECURE_NO_WARNINGS. See online help for details.
C:\Users\zlffj\Desktop\HW3\새 폴더\새 폴더\samples\src\PSVIWriter\PSVIWriterHandlers.cpp(1907,17): warning C4996: 'sprintf': This function or variable may be unsafe. Consider using sprintf_s instead. To disable deprecation, use _CRT_SECURE_NO_WARNINGS. See online help for details.
  코드를 생성하고 있습니다...
  PSVIWriter.vcxproj -> C:\Users\zlffj\Desktop\HW3\새 폴더\새 폴더\build\samples\Debug\PSVIWriter.exe
